TN:
SF:app.js
FN:19,(anonymous_0)
FN:31,loadRestaurants
FN:49,displayRestaurants
FN:54,(anonymous_3)
FN:58,(anonymous_4)
FN:74,selectRestaurant
FN:93,initializeCalculator
FN:102,updateParticipantsList
FN:107,(anonymous_8)
FN:135,(anonymous_9)
FN:141,updateSelectedParticipantDisplay
FN:154,selectParticipant
FN:162,selectParticipantAndScroll
FN:173,displayPlates
FN:178,(anonymous_14)
FN:210,(anonymous_15)
FN:217,showPlateTooltip
FN:222,(anonymous_17)
FN:237,(anonymous_18)
FN:246,updatePlateCount
FN:280,addParticipant
FN:281,(anonymous_21)
FN:292,confirmRemoveParticipant
FN:295,(anonymous_23)
FN:304,removeParticipant
FN:307,(anonymous_25)
FN:321,updateParticipantName
FN:322,(anonymous_27)
FN:330,getTotalPlatesForParticipant
FN:332,(anonymous_29)
FN:336,getTotalAmountForParticipant
FN:344,(anonymous_31)
FN:355,updateTotals
FN:356,(anonymous_33)
FN:359,(anonymous_34)
FN:370,formatCurrency
FN:395,showSummary
FN:397,(anonymous_37)
FN:417,generateSummaryTable
FN:430,(anonymous_39)
FN:451,(anonymous_40)
FN:502,(anonymous_41)
FN:519,generateSummaryTotals
FN:520,(anonymous_43)
FN:523,(anonymous_44)
FN:548,generatePlateBreakdownTable
FN:556,(anonymous_46)
FN:558,(anonymous_47)
FN:566,(anonymous_48)
FN:573,(anonymous_49)
FN:593,(anonymous_50)
FN:594,(anonymous_51)
FN:614,resetAll
FN:632,saveSession
FN:657,switchToState
FN:676,setupScrollListener
FN:680,checkScroll
FN:695,(anonymous_57)
FN:709,(anonymous_58)
FN:710,(anonymous_59)
FN:717,(anonymous_60)
FN:771,(anonymous_61)
FN:772,(anonymous_62)
FN:773,(anonymous_63)
FN:774,(anonymous_64)
FN:775,(anonymous_65)
FN:778,(anonymous_66)
FN:779,(anonymous_67)
FN:780,(anonymous_68)
FN:781,(anonymous_69)
FN:782,(anonymous_70)
FNF:71
FNH:60
FNDA:0,(anonymous_0)
FNDA:1,loadRestaurants
FNDA:3,displayRestaurants
FNDA:2,(anonymous_3)
FNDA:0,(anonymous_4)
FNDA:1,selectRestaurant
FNDA:1,initializeCalculator
FNDA:16,updateParticipantsList
FNDA:15,(anonymous_8)
FNDA:0,(anonymous_9)
FNDA:10,updateSelectedParticipantDisplay
FNDA:3,selectParticipant
FNDA:0,selectParticipantAndScroll
FNDA:15,displayPlates
FNDA:48,(anonymous_14)
FNDA:0,(anonymous_15)
FNDA:6,showPlateTooltip
FNDA:1,(anonymous_17)
FNDA:0,(anonymous_18)
FNDA:6,updatePlateCount
FNDA:1,addParticipant
FNDA:1,(anonymous_21)
FNDA:3,confirmRemoveParticipant
FNDA:6,(anonymous_23)
FNDA:4,removeParticipant
FNDA:7,(anonymous_25)
FNDA:2,updateParticipantName
FNDA:3,(anonymous_27)
FNDA:40,getTotalPlatesForParticipant
FNDA:31,(anonymous_29)
FNDA:40,getTotalAmountForParticipant
FNDA:26,(anonymous_31)
FNDA:12,updateTotals
FNDA:13,(anonymous_33)
FNDA:13,(anonymous_34)
FNDA:99,formatCurrency
FNDA:2,showSummary
FNDA:2,(anonymous_37)
FNDA:2,generateSummaryTable
FNDA:1,(anonymous_39)
FNDA:1,(anonymous_40)
FNDA:5,(anonymous_41)
FNDA:3,generateSummaryTotals
FNDA:3,(anonymous_43)
FNDA:3,(anonymous_44)
FNDA:3,generatePlateBreakdownTable
FNDA:2,(anonymous_46)
FNDA:4,(anonymous_47)
FNDA:2,(anonymous_48)
FNDA:4,(anonymous_49)
FNDA:4,(anonymous_50)
FNDA:4,(anonymous_51)
FNDA:2,resetAll
FNDA:2,saveSession
FNDA:6,switchToState
FNDA:1,setupScrollListener
FNDA:0,checkScroll
FNDA:0,(anonymous_57)
FNDA:0,(anonymous_58)
FNDA:0,(anonymous_59)
FNDA:0,(anonymous_60)
FNDA:1,(anonymous_61)
FNDA:12,(anonymous_62)
FNDA:9,(anonymous_63)
FNDA:5,(anonymous_64)
FNDA:6,(anonymous_65)
FNDA:74,(anonymous_66)
FNDA:69,(anonymous_67)
FNDA:73,(anonymous_68)
FNDA:41,(anonymous_69)
FNDA:27,(anonymous_70)
DA:2,1
DA:3,1
DA:4,1
DA:5,1
DA:8,1
DA:15,1
DA:18,1
DA:19,1
DA:20,0
DA:21,0
DA:22,0
DA:24,0
DA:25,0
DA:32,1
DA:33,1
DA:35,1
DA:36,3
DA:37,3
DA:38,0
DA:39,0
DA:41,3
DA:45,1
DA:50,3
DA:51,3
DA:52,2
DA:54,2
DA:55,2
DA:56,2
DA:57,2
DA:58,2
DA:60,2
DA:69,2
DA:75,1
DA:76,1
DA:77,1
DA:78,1
DA:80,1
DA:81,1
DA:82,1
DA:86,1
DA:87,1
DA:88,1
DA:94,1
DA:95,1
DA:96,1
DA:97,1
DA:98,1
DA:103,16
DA:104,16
DA:105,10
DA:107,10
DA:108,15
DA:109,15
DA:110,15
DA:111,15
DA:113,15
DA:114,15
DA:116,15
DA:135,15
DA:136,15
DA:142,10
DA:143,10
DA:145,7
DA:146,6
DA:147,6
DA:149,1
DA:155,3
DA:156,3
DA:157,3
DA:158,3
DA:163,0
DA:166,0
DA:167,0
DA:168,0
DA:174,15
DA:175,15
DA:176,6
DA:178,6
DA:179,48
DA:180,48
DA:181,48
DA:182,48
DA:184,48
DA:185,48
DA:187,48
DA:210,48
DA:212,48
DA:218,6
DA:221,6
DA:222,6
DA:223,1
DA:224,1
DA:225,1
DA:229,6
DA:230,1
DA:231,1
DA:232,1
DA:234,1
DA:237,1
DA:238,0
DA:239,0
DA:247,6
DA:248,1
DA:251,5
DA:252,5
DA:253,0
DA:256,5
DA:257,0
DA:260,5
DA:261,5
DA:264,5
DA:265,5
DA:268,5
DA:269,2
DA:271,3
DA:274,5
DA:275,5
DA:276,5
DA:281,1
DA:282,1
DA:284,1
DA:285,1
DA:287,1
DA:288,1
DA:293,3
DA:295,6
DA:296,3
DA:298,3
DA:299,2
DA:305,4
DA:307,7
DA:308,3
DA:310,3
DA:311,0
DA:314,3
DA:315,3
DA:316,3
DA:317,3
DA:322,3
DA:323,2
DA:324,1
DA:325,1
DA:331,40
DA:332,40
DA:337,40
DA:338,40
DA:340,40
DA:341,14
DA:344,26
DA:345,26
DA:346,26
DA:347,25
DA:351,26
DA:356,12
DA:357,13
DA:359,12
DA:360,13
DA:362,12
DA:363,12
DA:365,12
DA:366,12
DA:371,99
DA:373,11
DA:374,11
DA:377,88
DA:378,88
DA:380,88
DA:383,88
DA:384,88
DA:385,88
DA:386,88
DA:389,88
DA:397,2
DA:398,2
DA:400,2
DA:401,1
DA:402,1
DA:404,1
DA:407,1
DA:408,1
DA:411,1
DA:412,0
DA:419,2
DA:422,2
DA:425,2
DA:426,2
DA:427,1
DA:429,1
DA:430,1
DA:431,1
DA:435,1
DA:437,1
DA:438,1
DA:441,1
DA:442,1
DA:443,1
DA:446,0
DA:447,0
DA:448,0
DA:451,1
DA:452,1
DA:453,1
DA:456,1
DA:458,1
DA:461,0
DA:462,0
DA:465,1
DA:467,1
DA:468,1
DA:475,1
DA:479,1
DA:481,1
DA:483,1
DA:484,1
DA:486,1
DA:495,0
DA:502,1
DA:503,5
DA:504,5
DA:505,5
DA:511,5
DA:514,1
DA:515,1
DA:520,3
DA:521,3
DA:523,3
DA:524,3
DA:526,3
DA:527,3
DA:528,3
DA:530,3
DA:531,3
DA:534,0
DA:535,0
DA:536,0
DA:540,3
DA:541,3
DA:543,3
DA:544,3
DA:549,3
DA:550,3
DA:551,2
DA:554,2
DA:556,2
DA:557,2
DA:558,2
DA:559,4
DA:560,4
DA:566,2
DA:567,2
DA:568,2
DA:569,2
DA:573,2
DA:574,4
DA:575,4
DA:577,4
DA:578,4
DA:579,4
DA:581,4
DA:582,4
DA:589,4
DA:593,4
DA:594,2
DA:595,4
DA:596,4
DA:599,2
DA:600,2
DA:601,2
DA:602,2
DA:609,2
DA:615,2
DA:618,2
DA:619,1
DA:620,1
DA:621,1
DA:623,1
DA:624,1
DA:627,1
DA:633,2
DA:634,1
DA:635,1
DA:637,1
DA:640,1
DA:647,1
DA:648,1
DA:651,1
DA:652,1
DA:659,6
DA:660,6
DA:661,6
DA:662,6
DA:664,6
DA:665,6
DA:666,6
DA:667,6
DA:670,6
DA:671,6
DA:672,6
DA:677,1
DA:678,1
DA:681,0
DA:682,0
DA:683,0
DA:684,0
DA:686,0
DA:689,0
DA:693,1
DA:695,1
DA:696,0
DA:701,1
DA:702,1
DA:703,1
DA:704,1
DA:705,1
DA:706,1
DA:708,1
DA:709,1
DA:710,1
DA:711,1
DA:712,1
DA:716,1
DA:717,1
DA:718,0
DA:719,0
DA:720,0
DA:721,0
DA:724,0
DA:731,1
DA:732,1
DA:771,1
DA:772,12
DA:773,9
DA:774,5
DA:775,6
DA:778,74
DA:779,69
DA:780,73
DA:781,41
DA:782,27
LF:339
LH:301
BRDA:18,0,0,1
BRDA:18,0,1,0
BRDA:18,1,0,1
BRDA:18,1,1,1
BRDA:51,2,0,1
BRDA:51,2,1,2
BRDA:81,3,0,1
BRDA:81,3,1,0
BRDA:86,4,0,1
BRDA:86,4,1,0
BRDA:86,5,0,1
BRDA:86,5,1,1
BRDA:104,6,0,6
BRDA:104,6,1,10
BRDA:110,7,0,9
BRDA:110,7,1,6
BRDA:127,8,0,9
BRDA:127,8,1,6
BRDA:143,9,0,3
BRDA:143,9,1,7
BRDA:145,10,0,6
BRDA:145,10,1,1
BRDA:145,11,0,7
BRDA:145,11,1,7
BRDA:167,12,0,0
BRDA:167,12,1,0
BRDA:175,13,0,9
BRDA:175,13,1,6
BRDA:175,14,0,15
BRDA:175,14,1,10
BRDA:185,15,0,48
BRDA:185,15,1,44
BRDA:188,16,0,0
BRDA:188,16,1,48
BRDA:188,17,0,48
BRDA:188,17,1,0
BRDA:199,18,0,4
BRDA:199,18,1,44
BRDA:224,19,0,1
BRDA:224,19,1,0
BRDA:224,20,0,1
BRDA:224,20,1,1
BRDA:229,21,0,1
BRDA:229,21,1,5
BRDA:231,22,0,1
BRDA:231,22,1,0
BRDA:232,23,0,1
BRDA:232,23,1,0
BRDA:238,24,0,0
BRDA:238,24,1,0
BRDA:247,25,0,1
BRDA:247,25,1,5
BRDA:247,26,0,6
BRDA:247,26,1,5
BRDA:252,27,0,0
BRDA:252,27,1,5
BRDA:256,28,0,0
BRDA:256,28,1,5
BRDA:260,29,0,5
BRDA:260,29,1,1
BRDA:264,30,0,5
BRDA:264,30,1,0
BRDA:268,31,0,2
BRDA:268,31,1,3
BRDA:293,32,0,0
BRDA:293,32,1,3
BRDA:296,33,0,2
BRDA:296,33,1,1
BRDA:298,34,0,2
BRDA:298,34,1,1
BRDA:305,35,0,1
BRDA:305,35,1,3
BRDA:310,36,0,0
BRDA:310,36,1,3
BRDA:323,37,0,1
BRDA:323,37,1,1
BRDA:331,38,0,40
BRDA:331,38,1,6
BRDA:337,39,0,40
BRDA:337,39,1,6
BRDA:340,40,0,14
BRDA:340,40,1,26
BRDA:340,41,0,40
BRDA:340,41,1,26
BRDA:346,42,0,25
BRDA:346,42,1,1
BRDA:365,43,0,9
BRDA:365,43,1,3
BRDA:366,44,0,9
BRDA:366,44,1,3
BRDA:371,45,0,11
BRDA:371,45,1,88
BRDA:377,46,0,88
BRDA:377,46,1,0
BRDA:378,47,0,88
BRDA:378,47,1,0
BRDA:383,48,0,88
BRDA:383,48,1,0
BRDA:389,49,0,88
BRDA:389,49,1,0
BRDA:390,50,0,88
BRDA:390,50,1,0
BRDA:391,51,0,0
BRDA:391,51,1,0
BRDA:400,52,0,1
BRDA:400,52,1,1
BRDA:401,53,0,1
BRDA:401,53,1,0
BRDA:411,54,0,0
BRDA:411,54,1,1
BRDA:411,55,0,1
BRDA:411,55,1,0
BRDA:426,56,0,1
BRDA:426,56,1,1
BRDA:435,57,0,1
BRDA:435,57,1,0
BRDA:453,58,0,1
BRDA:453,58,1,0
BRDA:456,59,0,1
BRDA:456,59,1,0
BRDA:461,60,0,0
BRDA:461,60,1,0
BRDA:481,61,0,1
BRDA:481,61,1,0
BRDA:515,62,0,1
BRDA:515,62,1,0
BRDA:527,63,0,3
BRDA:527,63,1,0
BRDA:528,64,0,3
BRDA:528,64,1,0
BRDA:530,65,0,3
BRDA:530,65,1,0
BRDA:534,66,0,0
BRDA:534,66,1,0
BRDA:535,67,0,0
BRDA:535,67,1,0
BRDA:543,68,0,2
BRDA:543,68,1,1
BRDA:544,69,0,2
BRDA:544,69,1,1
BRDA:550,70,0,1
BRDA:550,70,1,2
BRDA:557,71,0,2
BRDA:557,71,1,0
BRDA:559,72,0,4
BRDA:559,72,1,0
BRDA:560,73,0,4
BRDA:560,73,1,4
BRDA:567,74,0,2
BRDA:567,74,1,0
BRDA:568,75,0,2
BRDA:568,75,1,0
BRDA:575,76,0,0
BRDA:575,76,1,4
BRDA:579,77,0,4
BRDA:579,77,1,0
BRDA:579,77,2,0
BRDA:595,78,0,4
BRDA:595,78,1,0
BRDA:599,79,0,2
BRDA:599,79,1,0
BRDA:615,80,0,2
BRDA:615,80,1,0
BRDA:618,81,0,1
BRDA:618,81,1,1
BRDA:623,82,0,1
BRDA:623,82,1,0
BRDA:633,83,0,1
BRDA:633,83,1,1
BRDA:634,84,0,1
BRDA:634,84,1,0
BRDA:647,85,0,1
BRDA:647,85,1,0
BRDA:651,86,0,1
BRDA:651,86,1,0
BRDA:664,87,0,6
BRDA:664,87,1,0
BRDA:665,88,0,6
BRDA:665,88,1,0
BRDA:666,89,0,6
BRDA:666,89,1,0
BRDA:667,90,0,6
BRDA:667,90,1,0
BRDA:671,91,0,6
BRDA:671,91,1,0
BRDA:681,92,0,0
BRDA:681,92,1,0
BRDA:683,93,0,0
BRDA:683,93,1,0
BRDA:701,94,0,1
BRDA:701,94,1,0
BRDA:701,95,0,1
BRDA:701,95,1,1
BRDA:708,96,0,0
BRDA:708,96,1,1
BRDA:709,97,0,0
BRDA:709,97,1,1
BRDA:710,98,0,0
BRDA:710,98,1,1
BRDA:711,99,0,0
BRDA:711,99,1,1
BRDA:712,100,0,0
BRDA:712,100,1,1
BRDA:716,101,0,1
BRDA:716,101,1,0
BRDA:716,102,0,1
BRDA:716,102,1,1
BRDA:719,103,0,0
BRDA:719,103,1,0
BRDA:731,104,0,1
BRDA:731,104,1,0
BRDA:731,105,0,1
BRDA:731,105,1,1
BRF:213
BRH:139
end_of_record
